<?xml version="1.0" encoding="UTF-8"?>
<!-- Generated by org.testng.reporters.JUnitReportReporter -->
<testsuite hostname="pranays-MacBook-Pro.local" failures="0" tests="1" name="weathershopper.SeleniumTest" time="24.120" errors="0" timestamp="2022-01-21T00:01:05 CST" skipped="0">
  <testcase classname="weathershopper.SeleniumTest" name="BrowserAutomation" time="24.120"/>
  <system-out>
    <![CDATA[Product Name and price fetched from UI and saved in HashMap as:{215=Tigran Aloe Isolani, 199=Vassily Aloe Attack, 365=Wilhelm Aloe Hydration Lotion}<br>
Low Product Price is: 199 Product name is: Vassily Aloe Attack
Product Name and price fetched from UI and saved in HashMap as:{128=Boris Almond and Honey, 353=Mikhail Almond and Talc, 195=Max honey and almond moisturiser}<br>
Low Product Price is: 128 Product name is: Boris Almond and Honey]]>
  </system-out>
</testsuite> <!-- weathershopper.SeleniumTest -->
