<?xml version="1.0" encoding="UTF-8"?>
<!-- Generated by org.testng.reporters.JUnitReportReporter -->
<testsuite hostname="pranays-MacBook-Pro.local" failures="0" tests="2" name="weathershopper.SeleniumTest" time="35.121" errors="0" timestamp="2022-01-23T00:51:20 CST" skipped="0">
  <testcase classname="weathershopper.SeleniumTest" name="WeatherShopperEndToEndAutomation" time="17.195"/>
  <system-out>
    <![CDATA[Product Name and price fetched from UI and saved in HashMap as:{215=Tigran Aloe Isolani, 216=Jose Intensive Care Aloe Body Lotion, 299=Emmanuel Aloe Vera Beauty Gel, 365=Wilhelm Aloe Hydration Lotion}<br>
High Product Price is: 365 Product name is: Wilhelm Aloe Hydration Lotion
Low Product Price is: 215 Product name is: Tigran Aloe Isolani
Product Name and price fetched from UI and saved in HashMap as:{128=Boris Almond and Honey, 360=Alexander Almond & Honey Moisturiser}<br>
High Product Price is: 360 Product name is: Alexander Almond & Honey Moisturiser
Low Product Price is: 128 Product name is: Boris Almond and Honey]]>
  </system-out>
  <testcase classname="weathershopper.SeleniumTest" name="WeatherShopperEndToEndAutomation" time="17.926"/>
  <system-out>
    <![CDATA[Product Name and price fetched from UI and saved in HashMap as:{250=Gary Bio Sandalwood SPF-50, 222=Akiba Amazing SPF-50}<br>
High Product Price is: 250 Product name is: Gary Bio Sandalwood SPF-50
Low Product Price is: 222 Product name is: Akiba Amazing SPF-50
Product Name and price fetched from UI and saved in HashMap as:{160=Vladimir Sun Expert SPF-30, 195=Vishy La Shield Sunscreen spf-30, 140=Magnus Resistant Sunscreen SPF-30}<br>
High Product Price is: 195 Product name is: Vishy La Shield Sunscreen spf-30
Low Product Price is: 140 Product name is: Magnus Resistant Sunscreen SPF-30]]>
  </system-out>
</testsuite> <!-- weathershopper.SeleniumTest -->
